
> aicu-todo-api@0.0.1 start:dev
> nest start --watch

[2J[3J[H[[90m오전 4:26:20[0m] Starting compilation in watch mode...

[[90m오전 4:26:23[0m] Found 0 errors. Watching for file changes.

[32m[Nest] 73512  - [39m2025. 08. 29. 오전 4:26:24 [32m    LOG[39m [38;5;3m[NestFactory] [39m[32mStarting Nest application...[39m
[32m[Nest] 73512  - [39m2025. 08. 29. 오전 4:26:25 [32m    LOG[39m [38;5;3m[InstanceLoader] [39m[32mPrismaModule dependencies initialized[39m[38;5;3m +846ms[39m
[32m[Nest] 73512  - [39m2025. 08. 29. 오전 4:26:25 [32m    LOG[39m [38;5;3m[InstanceLoader] [39m[32mConfigHostModule dependencies initialized[39m[38;5;3m +2ms[39m
[32m[Nest] 73512  - [39m2025. 08. 29. 오전 4:26:25 [32m    LOG[39m [38;5;3m[InstanceLoader] [39m[32mAppModule dependencies initialized[39m[38;5;3m +1ms[39m
[32m[Nest] 73512  - [39m2025. 08. 29. 오전 4:26:25 [32m    LOG[39m [38;5;3m[InstanceLoader] [39m[32mUsersModule dependencies initialized[39m[38;5;3m +0ms[39m
[32m[Nest] 73512  - [39m2025. 08. 29. 오전 4:26:25 [32m    LOG[39m [38;5;3m[InstanceLoader] [39m[32mConfigModule dependencies initialized[39m[38;5;3m +1ms[39m
[32m[Nest] 73512  - [39m2025. 08. 29. 오전 4:26:25 [32m    LOG[39m [38;5;3m[InstanceLoader] [39m[32mJwtModule dependencies initialized[39m[38;5;3m +1ms[39m
[32m[Nest] 73512  - [39m2025. 08. 29. 오전 4:26:25 [32m    LOG[39m [38;5;3m[InstanceLoader] [39m[32mTodosModule dependencies initialized[39m[38;5;3m +0ms[39m
[32m[Nest] 73512  - [39m2025. 08. 29. 오전 4:26:25 [32m    LOG[39m [38;5;3m[InstanceLoader] [39m[32mAuthModule dependencies initialized[39m[38;5;3m +1ms[39m
[32m[Nest] 73512  - [39m2025. 08. 29. 오전 4:26:25 [32m    LOG[39m [38;5;3m[RoutesResolver] [39m[32mAppController {/}:[39m[38;5;3m +65ms[39m
[32m[Nest] 73512  - [39m2025. 08. 29. 오전 4:26:25 [32m    LOG[39m [38;5;3m[RouterExplorer] [39m[32mMapped {/, GET} route[39m[38;5;3m +4ms[39m
[32m[Nest] 73512  - [39m2025. 08. 29. 오전 4:26:25 [32m    LOG[39m [38;5;3m[RoutesResolver] [39m[32mAuthController {/auth}:[39m[38;5;3m +0ms[39m
[32m[Nest] 73512  - [39m2025. 08. 29. 오전 4:26:25 [32m    LOG[39m [38;5;3m[RouterExplorer] [39m[32mMapped {/auth/register, POST} route[39m[38;5;3m +0ms[39m
[32m[Nest] 73512  - [39m2025. 08. 29. 오전 4:26:25 [32m    LOG[39m [38;5;3m[RouterExplorer] [39m[32mMapped {/auth/login, POST} route[39m[38;5;3m +1ms[39m
[32m[Nest] 73512  - [39m2025. 08. 29. 오전 4:26:25 [32m    LOG[39m [38;5;3m[RouterExplorer] [39m[32mMapped {/auth/logout, POST} route[39m[38;5;3m +0ms[39m
[32m[Nest] 73512  - [39m2025. 08. 29. 오전 4:26:25 [32m    LOG[39m [38;5;3m[RouterExplorer] [39m[32mMapped {/auth/me, GET} route[39m[38;5;3m +1ms[39m
[32m[Nest] 73512  - [39m2025. 08. 29. 오전 4:26:25 [32m    LOG[39m [38;5;3m[RoutesResolver] [39m[32mTodosController {/todos}:[39m[38;5;3m +0ms[39m
[32m[Nest] 73512  - [39m2025. 08. 29. 오전 4:26:25 [32m    LOG[39m [38;5;3m[RouterExplorer] [39m[32mMapped {/todos, GET} route[39m[38;5;3m +1ms[39m
[32m[Nest] 73512  - [39m2025. 08. 29. 오전 4:26:25 [32m    LOG[39m [38;5;3m[RouterExplorer] [39m[32mMapped {/todos, POST} route[39m[38;5;3m +0ms[39m
[32m[Nest] 73512  - [39m2025. 08. 29. 오전 4:26:25 [32m    LOG[39m [38;5;3m[RouterExplorer] [39m[32mMapped {/todos/:id, PATCH} route[39m[38;5;3m +2ms[39m
[32m[Nest] 73512  - [39m2025. 08. 29. 오전 4:26:25 [32m    LOG[39m [38;5;3m[RouterExplorer] [39m[32mMapped {/todos/:id, DELETE} route[39m[38;5;3m +0ms[39m
[32m[Nest] 73512  - [39m2025. 08. 29. 오전 4:26:25 [32m    LOG[39m [38;5;3m[NestApplication] [39m[32mNest application successfully started[39m[38;5;3m +4ms[39m
